<?xml version="1.0" encoding="UTF-8"?>
<testsuite xmlns:xsi="http://www.w3.org/2001/XMLSchema-instance" xsi:noNamespaceSchemaLocation="https://maven.apache.org/surefire/maven-surefire-plugin/xsd/surefire-test-report.xsd" name="automated_parking.AppTest" time="0.453" tests="76" errors="1" skipped="0" failures="0">
  <properties>
    <property name="sun.desktop" value="windows"/>
    <property name="awt.toolkit" value="sun.awt.windows.WToolkit"/>
    <property name="file.encoding.pkg" value="sun.io"/>
    <property name="java.specification.version" value="1.8"/>
    <property name="sun.cpu.isalist" value="amd64"/>
    <property name="sun.jnu.encoding" value="Cp1251"/>
    <property name="java.class.path" value="C:\Exam\Students\vkolesnichenko@tu-varna.bg\Java.JUnit\target\test-classes;C:\Exam\Students\vkolesnichenko@tu-varna.bg\Java.JUnit\target\classes;C:\.m2\repository\junit\junit\4.11\junit-4.11.jar;C:\.m2\repository\org\hamcrest\hamcrest-core\1.3\hamcrest-core-1.3.jar;C:\.m2\repository\org\junit\jupiter\junit-jupiter-engine\5.7.2\junit-jupiter-engine-5.7.2.jar;C:\.m2\repository\org\apiguardian\apiguardian-api\1.1.0\apiguardian-api-1.1.0.jar;C:\.m2\repository\org\junit\platform\junit-platform-engine\1.7.2\junit-platform-engine-1.7.2.jar;C:\.m2\repository\org\opentest4j\opentest4j\1.2.0\opentest4j-1.2.0.jar;C:\.m2\repository\org\junit\platform\junit-platform-commons\1.7.2\junit-platform-commons-1.7.2.jar;C:\.m2\repository\org\junit\jupiter\junit-jupiter-api\5.7.2\junit-jupiter-api-5.7.2.jar;C:\.m2\repository\org\junit\platform\junit-platform-runner\1.7.2\junit-platform-runner-1.7.2.jar;C:\.m2\repository\org\junit\platform\junit-platform-launcher\1.7.2\junit-platform-launcher-1.7.2.jar;C:\.m2\repository\org\junit\platform\junit-platform-suite-api\1.7.2\junit-platform-suite-api-1.7.2.jar;C:\.m2\repository\org\junit\jupiter\junit-jupiter-params\5.7.2\junit-jupiter-params-5.7.2.jar;C:\.m2\repository\org\reflections\reflections\0.9.12\reflections-0.9.12.jar;C:\.m2\repository\org\javassist\javassist\3.26.0-GA\javassist-3.26.0-GA.jar;"/>
    <property name="java.vm.vendor" value="Oracle Corporation"/>
    <property name="sun.arch.data.model" value="64"/>
    <property name="user.variant" value=""/>
    <property name="java.vendor.url" value="http://java.oracle.com/"/>
    <property name="user.timezone" value="Europe/Helsinki"/>
    <property name="user.country.format" value="BG"/>
    <property name="java.vm.specification.version" value="1.8"/>
    <property name="os.name" value="Windows Server 2019"/>
    <property name="user.country" value="US"/>
    <property name="sun.java.launcher" value="SUN_STANDARD"/>
    <property name="sun.boot.library.path" value="C:\Program Files\Java\jdk1.8.0_291\jre\bin"/>
    <property name="sun.java.command" value="C:\Windows\TEMP\surefire1614088599053566931\surefirebooter573468538911307799.jar C:\Windows\Temp\surefire1614088599053566931 2021-07-26T15-25-20_496-jvmRun1 surefire2064214864881951546tmp surefire_02395483979088025548tmp"/>
    <property name="surefire.test.class.path" value="C:\Exam\Students\vkolesnichenko@tu-varna.bg\Java.JUnit\target\test-classes;C:\Exam\Students\vkolesnichenko@tu-varna.bg\Java.JUnit\target\classes;C:\.m2\repository\junit\junit\4.11\junit-4.11.jar;C:\.m2\repository\org\hamcrest\hamcrest-core\1.3\hamcrest-core-1.3.jar;C:\.m2\repository\org\junit\jupiter\junit-jupiter-engine\5.7.2\junit-jupiter-engine-5.7.2.jar;C:\.m2\repository\org\apiguardian\apiguardian-api\1.1.0\apiguardian-api-1.1.0.jar;C:\.m2\repository\org\junit\platform\junit-platform-engine\1.7.2\junit-platform-engine-1.7.2.jar;C:\.m2\repository\org\opentest4j\opentest4j\1.2.0\opentest4j-1.2.0.jar;C:\.m2\repository\org\junit\platform\junit-platform-commons\1.7.2\junit-platform-commons-1.7.2.jar;C:\.m2\repository\org\junit\jupiter\junit-jupiter-api\5.7.2\junit-jupiter-api-5.7.2.jar;C:\.m2\repository\org\junit\platform\junit-platform-runner\1.7.2\junit-platform-runner-1.7.2.jar;C:\.m2\repository\org\junit\platform\junit-platform-launcher\1.7.2\junit-platform-launcher-1.7.2.jar;C:\.m2\repository\org\junit\platform\junit-platform-suite-api\1.7.2\junit-platform-suite-api-1.7.2.jar;C:\.m2\repository\org\junit\jupiter\junit-jupiter-params\5.7.2\junit-jupiter-params-5.7.2.jar;C:\.m2\repository\org\reflections\reflections\0.9.12\reflections-0.9.12.jar;C:\.m2\repository\org\javassist\javassist\3.26.0-GA\javassist-3.26.0-GA.jar;"/>
    <property name="sun.cpu.endian" value="little"/>
    <property name="user.home" value="C:\"/>
    <property name="user.language" value="en"/>
    <property name="java.specification.vendor" value="Oracle Corporation"/>
    <property name="java.home" value="C:\Program Files\Java\jdk1.8.0_291\jre"/>
    <property name="basedir" value="C:\Exam\Students\vkolesnichenko@tu-varna.bg\Java.JUnit"/>
    <property name="file.separator" value="\"/>
    <property name="line.separator" value="&#10;"/>
    <property name="java.vm.specification.vendor" value="Oracle Corporation"/>
    <property name="java.specification.name" value="Java Platform API Specification"/>
    <property name="java.awt.graphicsenv" value="sun.awt.Win32GraphicsEnvironment"/>
    <property name="surefire.real.class.path" value="C:\Windows\TEMP\surefire1614088599053566931\surefirebooter573468538911307799.jar"/>
    <property name="sun.boot.class.path" value="C:\Program Files\Java\jdk1.8.0_291\jre\lib\resources.jar;C:\Program Files\Java\jdk1.8.0_291\jre\lib\rt.jar;C:\Program Files\Java\jdk1.8.0_291\jre\lib\sunrsasign.jar;C:\Program Files\Java\jdk1.8.0_291\jre\lib\jsse.jar;C:\Program Files\Java\jdk1.8.0_291\jre\lib\jce.jar;C:\Program Files\Java\jdk1.8.0_291\jre\lib\charsets.jar;C:\Program Files\Java\jdk1.8.0_291\jre\lib\jfr.jar;C:\Program Files\Java\jdk1.8.0_291\jre\classes"/>
    <property name="user.script" value=""/>
    <property name="sun.management.compiler" value="HotSpot 64-Bit Tiered Compilers"/>
    <property name="java.runtime.version" value="1.8.0_291-b10"/>
    <property name="user.name" value="WIN-HRJ80IQN3J3$"/>
    <property name="path.separator" value=";"/>
    <property name="os.version" value="10.0"/>
    <property name="java.endorsed.dirs" value="C:\Program Files\Java\jdk1.8.0_291\jre\lib\endorsed"/>
    <property name="java.runtime.name" value="Java(TM) SE Runtime Environment"/>
    <property name="file.encoding" value="Cp1251"/>
    <property name="java.vm.name" value="Java HotSpot(TM) 64-Bit Server VM"/>
    <property name="localRepository" value="C:\.m2\repository"/>
    <property name="java.vendor.url.bug" value="http://bugreport.sun.com/bugreport/"/>
    <property name="java.io.tmpdir" value="C:\Windows\TEMP\"/>
    <property name="java.version" value="1.8.0_291"/>
    <property name="user.dir" value="C:\Exam\Students\vkolesnichenko@tu-varna.bg\Java.JUnit"/>
    <property name="os.arch" value="amd64"/>
    <property name="java.vm.specification.name" value="Java Virtual Machine Specification"/>
    <property name="java.awt.printerjob" value="sun.awt.windows.WPrinterJob"/>
    <property name="user.language.format" value="bg"/>
    <property name="sun.os.patch.level" value=""/>
    <property name="java.library.path" value="C:\Program Files\Java\jdk1.8.0_291\jre\bin;C:\Windows\Sun\Java\bin;C:\Windows\system32;C:\Windows;C:\Program Files (x86)\Common Files\Oracle\Java\javapath;C:\Program Files\Microsoft MPI\Bin\;C:\Windows\system32;C:\Windows;C:\Windows\System32\Wbem;C:\Windows\System32\WindowsPowerShell\v1.0\;C:\Windows\System32\OpenSSH\;C:\Program Files\Microsoft\Web Platform Installer\;C:\Program Files\dotnet\;C:\Program Files (x86)\dotnet\;C:\Program Files (x86)\Microsoft SQL Server\150\DTS\Binn\;C:\Program Files\Azure Data Studio\bin;C:\Program Files (x86)\Microsoft SQL Server\150\Tools\Binn\;C:\Program Files\Microsoft SQL Server\150\Tools\Binn\;C:\Program Files\Microsoft SQL Server\150\DTS\Binn\;C:\Program Files\Microsoft SQL Server\Client SDK\ODBC\170\Tools\Binn\;C:\Program Files (x86)\apache-maven-3.8.1\bin;C:\Program Files\Java\jdk1.8.0_291\bin;C:\Windows\system32\config\systemprofile\AppData\Local\Microsoft\WindowsApps;."/>
    <property name="java.vm.info" value="mixed mode"/>
    <property name="java.vendor" value="Oracle Corporation"/>
    <property name="java.vm.version" value="25.291-b10"/>
    <property name="java.ext.dirs" value="C:\Program Files\Java\jdk1.8.0_291\jre\lib\ext;C:\Windows\Sun\Java\lib\ext"/>
    <property name="sun.io.unicode.encoding" value="UnicodeLittle"/>
    <property name="java.class.version" value="52.0"/>
  </properties>
  <testcase name="testExistingFildInClassTest{String, String, String, String, String}[1]" classname="automated_parking.AppTest" time="0.047"/>
  <testcase name="testExistingFildInClassTest{String, String, String, String, String}[2]" classname="automated_parking.AppTest" time="0"/>
  <testcase name="testExistingFildInClassTest{String, String, String, String, String}[3]" classname="automated_parking.AppTest" time="0"/>
  <testcase name="testExistingFildInClassTest{String, String, String, String, String}[4]" classname="automated_parking.AppTest" time="0"/>
  <testcase name="testExistingFildInClassTest{String, String, String, String, String}[5]" classname="automated_parking.AppTest" time="0"/>
  <testcase name="testExistingFildInClassTest{String, String, String, String, String}[6]" classname="automated_parking.AppTest" time="0"/>
  <testcase name="testExistingFildInClassTest{String, String, String, String, String}[7]" classname="automated_parking.AppTest" time="0"/>
  <testcase name="testExistingFildInClassTest{String, String, String, String, String}[8]" classname="automated_parking.AppTest" time="0.016"/>
  <testcase name="testExistingFildInClassTest{String, String, String, String, String}[9]" classname="automated_parking.AppTest" time="0"/>
  <testcase name="testExistingFildInClassTest{String, String, String, String, String}[10]" classname="automated_parking.AppTest" time="0"/>
  <testcase name="testExistingFildInClassTest{String, String, String, String, String}[11]" classname="automated_parking.AppTest" time="0"/>
  <testcase name="testExistingFildInClassTest{String, String, String, String, String}[12]" classname="automated_parking.AppTest" time="0"/>
  <testcase name="testExistingFildInClassTest{String, String, String, String, String}[13]" classname="automated_parking.AppTest" time="0.016"/>
  <testcase name="testOnCharging{int}[1]" classname="automated_parking.AppTest" time="0"/>
  <testcase name="testOnCharging{int}[2]" classname="automated_parking.AppTest" time="0"/>
  <testcase name="testOnCharging{int}[3]" classname="automated_parking.AppTest" time="0"/>
  <testcase name="testOnCharging{int}[4]" classname="automated_parking.AppTest" time="0.031"/>
  <testcase name="testExistingParentClassTest{String, String, String, String}[1]" classname="automated_parking.AppTest" time="0"/>
  <testcase name="testExistingParentClassTest{String, String, String, String}[2]" classname="automated_parking.AppTest" time="0"/>
  <testcase name="testExistingParentClassTest{String, String, String, String}[3]" classname="automated_parking.AppTest" time="0"/>
  <testcase name="testExistingParentClassTest{String, String, String, String}[4]" classname="automated_parking.AppTest" time="0"/>
  <testcase name="testExistingParentClassTest{String, String, String, String}[5]" classname="automated_parking.AppTest" time="0"/>
  <testcase name="testExistingParentClassTest{String, String, String, String}[6]" classname="automated_parking.AppTest" time="0"/>
  <testcase name="testExistingParentClassTest{String, String, String, String}[7]" classname="automated_parking.AppTest" time="0"/>
  <testcase name="testExistingParentClassTest{String, String, String, String}[8]" classname="automated_parking.AppTest" time="0"/>
  <testcase name="testExistingParentClassTest{String, String, String, String}[9]" classname="automated_parking.AppTest" time="0"/>
  <testcase name="testExistingInterfaceTest{String, String, String[], String[]}[1]" classname="automated_parking.AppTest" time="0"/>
  <testcase name="testExistingInterfaceTest{String, String, String[], String[]}[2]" classname="automated_parking.AppTest" time="0"/>
  <testcase name="testExistingMethodInClassTest{String, String, String, String, String, String[]}[1]" classname="automated_parking.AppTest" time="0"/>
  <testcase name="testExistingMethodInClassTest{String, String, String, String, String, String[]}[2]" classname="automated_parking.AppTest" time="0"/>
  <testcase name="testExistingMethodInClassTest{String, String, String, String, String, String[]}[3]" classname="automated_parking.AppTest" time="0"/>
  <testcase name="testExistingMethodInClassTest{String, String, String, String, String, String[]}[4]" classname="automated_parking.AppTest" time="0"/>
  <testcase name="testExistingMethodInClassTest{String, String, String, String, String, String[]}[5]" classname="automated_parking.AppTest" time="0"/>
  <testcase name="testExistingMethodInClassTest{String, String, String, String, String, String[]}[6]" classname="automated_parking.AppTest" time="0"/>
  <testcase name="testExistingMethodInClassTest{String, String, String, String, String, String[]}[7]" classname="automated_parking.AppTest" time="0"/>
  <testcase name="testExistingMethodInClassTest{String, String, String, String, String, String[]}[8]" classname="automated_parking.AppTest" time="0"/>
  <testcase name="testExistingMethodInClassTest{String, String, String, String, String, String[]}[9]" classname="automated_parking.AppTest" time="0"/>
  <testcase name="testExistingMethodInClassTest{String, String, String, String, String, String[]}[10]" classname="automated_parking.AppTest" time="0"/>
  <testcase name="testExistingMethodInClassTest{String, String, String, String, String, String[]}[11]" classname="automated_parking.AppTest" time="0.016"/>
  <testcase name="testExistingMethodInClassTest{String, String, String, String, String, String[]}[12]" classname="automated_parking.AppTest" time="0"/>
  <testcase name="testExistingMethodInClassTest{String, String, String, String, String, String[]}[13]" classname="automated_parking.AppTest" time="0"/>
  <testcase name="testExistingMethodInClassTest{String, String, String, String, String, String[]}[14]" classname="automated_parking.AppTest" time="0">
    <error message="automated_parking.Place.getVhicle()" type="java.lang.NoSuchMethodException">java.lang.NoSuchMethodException: automated_parking.Place.getVhicle()
	at automated_parking.AppTest.testExistingMethodInClassTest(AppTest.java:63)
</error>
  </testcase>
  <testcase name="testExistingMethodInClassTest{String, String, String, String, String, String[]}[15]" classname="automated_parking.AppTest" time="0"/>
  <testcase name="testExistingMethodInClassTest{String, String, String, String, String, String[]}[16]" classname="automated_parking.AppTest" time="0"/>
  <testcase name="testExistingMethodInClassTest{String, String, String, String, String, String[]}[17]" classname="automated_parking.AppTest" time="0"/>
  <testcase name="testExistingMethodInClassTest{String, String, String, String, String, String[]}[18]" classname="automated_parking.AppTest" time="0"/>
  <testcase name="testExistingMethodInClassTest{String, String, String, String, String, String[]}[19]" classname="automated_parking.AppTest" time="0"/>
  <testcase name="testExistingMethodInClassTest{String, String, String, String, String, String[]}[20]" classname="automated_parking.AppTest" time="0"/>
  <testcase name="testExistingMethodInClassTest{String, String, String, String, String, String[]}[21]" classname="automated_parking.AppTest" time="0"/>
  <testcase name="testExistingMethodInClassTest{String, String, String, String, String, String[]}[22]" classname="automated_parking.AppTest" time="0"/>
  <testcase name="testExistingMethodInClassTest{String, String, String, String, String, String[]}[23]" classname="automated_parking.AppTest" time="0"/>
  <testcase name="testExistingMethodInClassTest{String, String, String, String, String, String[]}[24]" classname="automated_parking.AppTest" time="0"/>
  <testcase name="testExistingMethodInClassTest{String, String, String, String, String, String[]}[25]" classname="automated_parking.AppTest" time="0"/>
  <testcase name="testExistingMethodInClassTest{String, String, String, String, String, String[]}[26]" classname="automated_parking.AppTest" time="0.015"/>
  <testcase name="testExistingMethodInClassTest{String, String, String, String, String, String[]}[27]" classname="automated_parking.AppTest" time="0"/>
  <testcase name="testExistingMethodInClassTest{String, String, String, String, String, String[]}[28]" classname="automated_parking.AppTest" time="0"/>
  <testcase name="testExistingMethodInClassTest{String, String, String, String, String, String[]}[29]" classname="automated_parking.AppTest" time="0"/>
  <testcase name="testExistingMethodInClassTest{String, String, String, String, String, String[]}[30]" classname="automated_parking.AppTest" time="0"/>
  <testcase name="testExistingMethodInClassTest{String, String, String, String, String, String[]}[31]" classname="automated_parking.AppTest" time="0.016"/>
  <testcase name="testExistingClassTest{String, String, String}[1]" classname="automated_parking.AppTest" time="0"/>
  <testcase name="testExistingClassTest{String, String, String}[2]" classname="automated_parking.AppTest" time="0"/>
  <testcase name="testExistingClassTest{String, String, String}[3]" classname="automated_parking.AppTest" time="0"/>
  <testcase name="testExistingClassTest{String, String, String}[4]" classname="automated_parking.AppTest" time="0"/>
  <testcase name="testExistingClassTest{String, String, String}[5]" classname="automated_parking.AppTest" time="0"/>
  <testcase name="testExistingClassTest{String, String, String}[6]" classname="automated_parking.AppTest" time="0"/>
  <testcase name="testExistingClassTest{String, String, String}[7]" classname="automated_parking.AppTest" time="0"/>
  <testcase name="testExistingClassTest{String, String, String}[8]" classname="automated_parking.AppTest" time="0"/>
  <testcase name="testExistingClassTest{String, String, String}[9]" classname="automated_parking.AppTest" time="0"/>
  <testcase name="testExistingClassTest{String, String, String}[10]" classname="automated_parking.AppTest" time="0"/>
  <testcase name="testKlaxon{int}[1]" classname="automated_parking.AppTest" time="0"/>
  <testcase name="testKlaxon{int}[2]" classname="automated_parking.AppTest" time="0"/>
  <testcase name="testKlaxon{int}[3]" classname="automated_parking.AppTest" time="0"/>
  <testcase name="testKlaxon{int}[4]" classname="automated_parking.AppTest" time="0"/>
  <testcase name="testAddVehicle{int}[1]" classname="automated_parking.AppTest" time="0"/>
  <testcase name="testAddVehicle{int}[2]" classname="automated_parking.AppTest" time="0"/>
  <testcase name="testAddVehicle{int}[3]" classname="automated_parking.AppTest" time="0"/>
</testsuite>