<?xml version="1.0" encoding="UTF-8"?>
<testsuite xmlns:xsi="http://www.w3.org/2001/XMLSchema-instance" xsi:noNamespaceSchemaLocation="https://maven.apache.org/surefire/maven-surefire-plugin/xsd/surefire-test-report.xsd" name="automated_parking.AppTest" time="0.453" tests="76" errors="1" skipped="0" failures="0">
  <properties>
[...]
</properties>
  <testcase name="testExistingFildInClassTest{String, String, String, String, String}[1]" classname="automated_parking.AppTest" time="0.047"/>
  <testcase name="testExistingFildInClassTest{String, String, String, String, String}[2]" classname="automated_parking.AppTest" time="0"/>
  <testcase name="testExistingFildInClassTest{String, String, String, String, String}[3]" classname="automated_parking.AppTest" time="0"/>
  <testcase name="testExistingFildInClassTest{String, String, String, String, String}[4]" classname="automated_parking.AppTest" time="0"/>
  <testcase name="testExistingFildInClassTest{String, String, String, String, String}[5]" classname="automated_parking.AppTest" time="0"/>
  <testcase name="testExistingFildInClassTest{String, String, String, String, String}[6]" classname="automated_parking.AppTest" time="0"/>
  <testcase name="testExistingFildInClassTest{String, String, String, String, String}[7]" classname="automated_parking.AppTest" time="0"/>
  <testcase name="testExistingFildInClassTest{String, String, String, String, String}[8]" classname="automated_parking.AppTest" time="0.016"/>
  <testcase name="testExistingFildInClassTest{String, String, String, String, String}[9]" classname="automated_parking.AppTest" time="0"/>
  <testcase name="testExistingFildInClassTest{String, String, String, String, String}[10]" classname="automated_parking.AppTest" time="0"/>
  <testcase name="testExistingFildInClassTest{String, String, String, String, String}[11]" classname="automated_parking.AppTest" time="0"/>
  <testcase name="testExistingFildInClassTest{String, String, String, String, String}[12]" classname="automated_parking.AppTest" time="0"/>
  <testcase name="testExistingFildInClassTest{String, String, String, String, String}[13]" classname="automated_parking.AppTest" time="0.016"/>
  <testcase name="testOnCharging{int}[1]" classname="automated_parking.AppTest" time="0"/>
  <testcase name="testOnCharging{int}[2]" classname="automated_parking.AppTest" time="0"/>
  <testcase name="testOnCharging{int}[3]" classname="automated_parking.AppTest" time="0"/>
  <testcase name="testOnCharging{int}[4]" classname="automated_parking.AppTest" time="0.031"/>
  <testcase name="testExistingParentClassTest{String, String, String, String}[1]" classname="automated_parking.AppTest" time="0"/>
  <testcase name="testExistingParentClassTest{String, String, String, String}[2]" classname="automated_parking.AppTest" time="0"/>
  <testcase name="testExistingParentClassTest{String, String, String, String}[3]" classname="automated_parking.AppTest" time="0"/>
  <testcase name="testExistingParentClassTest{String, String, String, String}[4]" classname="automated_parking.AppTest" time="0"/>
  <testcase name="testExistingParentClassTest{String, String, String, String}[5]" classname="automated_parking.AppTest" time="0"/>
  <testcase name="testExistingParentClassTest{String, String, String, String}[6]" classname="automated_parking.AppTest" time="0"/>
  <testcase name="testExistingParentClassTest{String, String, String, String}[7]" classname="automated_parking.AppTest" time="0"/>
  <testcase name="testExistingParentClassTest{String, String, String, String}[8]" classname="automated_parking.AppTest" time="0"/>
  <testcase name="testExistingParentClassTest{String, String, String, String}[9]" classname="automated_parking.AppTest" time="0"/>
  <testcase name="testExistingInterfaceTest{String, String, String[], String[]}[1]" classname="automated_parking.AppTest" time="0"/>
  <testcase name="testExistingInterfaceTest{String, String, String[], String[]}[2]" classname="automated_parking.AppTest" time="0"/>
  <testcase name="testExistingMethodInClassTest{String, String, String, String, String, String[]}[1]" classname="automated_parking.AppTest" time="0"/>
  <testcase name="testExistingMethodInClassTest{String, String, String, String, String, String[]}[2]" classname="automated_parking.AppTest" time="0"/>
  <testcase name="testExistingMethodInClassTest{String, String, String, String, String, String[]}[3]" classname="automated_parking.AppTest" time="0"/>
  <testcase name="testExistingMethodInClassTest{String, String, String, String, String, String[]}[4]" classname="automated_parking.AppTest" time="0"/>
  <testcase name="testExistingMethodInClassTest{String, String, String, String, String, String[]}[5]" classname="automated_parking.AppTest" time="0"/>
  <testcase name="testExistingMethodInClassTest{String, String, String, String, String, String[]}[6]" classname="automated_parking.AppTest" time="0"/>
  <testcase name="testExistingMethodInClassTest{String, String, String, String, String, String[]}[7]" classname="automated_parking.AppTest" time="0"/>
  <testcase name="testExistingMethodInClassTest{String, String, String, String, String, String[]}[8]" classname="automated_parking.AppTest" time="0"/>
  <testcase name="testExistingMethodInClassTest{String, String, String, String, String, String[]}[9]" classname="automated_parking.AppTest" time="0"/>
  <testcase name="testExistingMethodInClassTest{String, String, String, String, String, String[]}[10]" classname="automated_parking.AppTest" time="0"/>
  <testcase name="testExistingMethodInClassTest{String, String, String, String, String, String[]}[11]" classname="automated_parking.AppTest" time="0.016"/>
  <testcase name="testExistingMethodInClassTest{String, String, String, String, String, String[]}[12]" classname="automated_parking.AppTest" time="0"/>
  <testcase name="testExistingMethodInClassTest{String, String, String, String, String, String[]}[13]" classname="automated_parking.AppTest" time="0"/>
  <testcase name="testExistingMethodInClassTest{String, String, String, String, String, String[]}[14]" classname="automated_parking.AppTest" time="0">
    <error message="automated_parking.Place.getVhicle()" type="java.lang.NoSuchMethodException">java.lang.NoSuchMethodException: automated_parking.Place.getVhicle()
	at automated_parking.AppTest.testExistingMethodInClassTest(AppTest.java:63)
</error>
  </testcase>
  <testcase name="testExistingMethodInClassTest{String, String, String, String, String, String[]}[15]" classname="automated_parking.AppTest" time="0"/>
  <testcase name="testExistingMethodInClassTest{String, String, String, String, String, String[]}[16]" classname="automated_parking.AppTest" time="0"/>
  <testcase name="testExistingMethodInClassTest{String, String, String, String, String, String[]}[17]" classname="automated_parking.AppTest" time="0"/>
  <testcase name="testExistingMethodInClassTest{String, String, String, String, String, String[]}[18]" classname="automated_parking.AppTest" time="0"/>
  <testcase name="testExistingMethodInClassTest{String, String, String, String, String, String[]}[19]" classname="automated_parking.AppTest" time="0"/>
  <testcase name="testExistingMethodInClassTest{String, String, String, String, String, String[]}[20]" classname="automated_parking.AppTest" time="0"/>
  <testcase name="testExistingMethodInClassTest{String, String, String, String, String, String[]}[21]" classname="automated_parking.AppTest" time="0"/>
  <testcase name="testExistingMethodInClassTest{String, String, String, String, String, String[]}[22]" classname="automated_parking.AppTest" time="0"/>
  <testcase name="testExistingMethodInClassTest{String, String, String, String, String, String[]}[23]" classname="automated_parking.AppTest" time="0"/>
  <testcase name="testExistingMethodInClassTest{String, String, String, String, String, String[]}[24]" classname="automated_parking.AppTest" time="0"/>
  <testcase name="testExistingMethodInClassTest{String, String, String, String, String, String[]}[25]" classname="automated_parking.AppTest" time="0"/>
  <testcase name="testExistingMethodInClassTest{String, String, String, String, String, String[]}[26]" classname="automated_parking.AppTest" time="0.015"/>
  <testcase name="testExistingMethodInClassTest{String, String, String, String, String, String[]}[27]" classname="automated_parking.AppTest" time="0"/>
  <testcase name="testExistingMethodInClassTest{String, String, String, String, String, String[]}[28]" classname="automated_parking.AppTest" time="0"/>
  <testcase name="testExistingMethodInClassTest{String, String, String, String, String, String[]}[29]" classname="automated_parking.AppTest" time="0"/>
  <testcase name="testExistingMethodInClassTest{String, String, String, String, String, String[]}[30]" classname="automated_parking.AppTest" time="0"/>
  <testcase name="testExistingMethodInClassTest{String, String, String, String, String, String[]}[31]" classname="automated_parking.AppTest" time="0.016"/>
  <testcase name="testExistingClassTest{String, String, String}[1]" classname="automated_parking.AppTest" time="0"/>
  <testcase name="testExistingClassTest{String, String, String}[2]" classname="automated_parking.AppTest" time="0"/>
  <testcase name="testExistingClassTest{String, String, String}[3]" classname="automated_parking.AppTest" time="0"/>
  <testcase name="testExistingClassTest{String, String, String}[4]" classname="automated_parking.AppTest" time="0"/>
  <testcase name="testExistingClassTest{String, String, String}[5]" classname="automated_parking.AppTest" time="0"/>
  <testcase name="testExistingClassTest{String, String, String}[6]" classname="automated_parking.AppTest" time="0"/>
  <testcase name="testExistingClassTest{String, String, String}[7]" classname="automated_parking.AppTest" time="0"/>
  <testcase name="testExistingClassTest{String, String, String}[8]" classname="automated_parking.AppTest" time="0"/>
  <testcase name="testExistingClassTest{String, String, String}[9]" classname="automated_parking.AppTest" time="0"/>
  <testcase name="testExistingClassTest{String, String, String}[10]" classname="automated_parking.AppTest" time="0"/>
  <testcase name="testKlaxon{int}[1]" classname="automated_parking.AppTest" time="0"/>
  <testcase name="testKlaxon{int}[2]" classname="automated_parking.AppTest" time="0"/>
  <testcase name="testKlaxon{int}[3]" classname="automated_parking.AppTest" time="0"/>
  <testcase name="testKlaxon{int}[4]" classname="automated_parking.AppTest" time="0"/>
  <testcase name="testAddVehicle{int}[1]" classname="automated_parking.AppTest" time="0"/>
  <testcase name="testAddVehicle{int}[2]" classname="automated_parking.AppTest" time="0"/>
  <testcase name="testAddVehicle{int}[3]" classname="automated_parking.AppTest" time="0"/>
</testsuite>